<?xml version="1.0" encoding="UTF-8"?>
<testsuite xmlns:xsi="http://www.w3.org/2001/XMLSchema-instance" xsi:noNamespaceSchemaLocation="https://maven.apache.org/surefire/maven-surefire-plugin/xsd/surefire-test-report.xsd" name="runner.CucumberRunnerTest" time="69.791" tests="3" errors="0" skipped="0" failures="0">
  <properties>
[...]
</properties>
  <testcase name="Service Agent should successfully create a case." classname="Case Management for Service Agents" time="25.929"/>
  <testcase name="A default Subject should always be assigned to the Case." classname="Case Management for Service Agents" time="22.514"/>
  <testcase name="Service Agent Should not Delete Cases." classname="Case Management for Service Agents" time="20.684"/>
</testsuite>